2026-04-04 23:42:04,123 - INFO - ============================================================
2026-04-04 23:42:04,123 - INFO - 门店活动全维度分析启动
2026-04-04 23:42:04,124 - INFO - ============================================================
2026-04-04 23:42:06,869 - INFO - 规模分层完成
2026-04-04 23:42:07,718 - INFO - 类型分层完成
2026-04-04 23:42:07,732 - INFO - 匹配结果：原始活动门店 1234，有效匹配 1217，自动删除 17
2026-04-04 23:42:07,733 - INFO - 小样本正态性检验
2026-04-04 23:42:07,741 - INFO - 河南区域: p=0.0003, 非正态
2026-04-04 23:42:07,744 - INFO - 广西区域: p=0.0626, 正态
2026-04-04 23:42:07,745 - INFO - 江西区域: p=0.1708, 正态
2026-04-04 23:42:07,747 - INFO - 浙江区域: p=0.2065, 正态
2026-04-04 23:42:07,747 - INFO - 开始EDA（探索性数据分析）
2026-04-04 23:42:09,038 - INFO - Levene方差齐性检验: p=0.0000，方差不齐
2026-04-04 23:42:09,595 - INFO - 三因素主效应ANOVA（含方差齐性检验）
2026-04-04 23:42:09,602 - INFO - 区域名称 样本量：{'上海区域': 150, '北京区域': 66, '四川区域': 75, '安徽区域': 223, '广州区域': 136, '广西区域': 21, '江西区域': 18, '河南区域': 22, '浙江区域': 10, '深圳区域': 124, '湖南区域': 178, '环粤区域': 194}
2026-04-04 23:42:09,603 - INFO - 规模编码 样本量：{1: 221, 2: 736, 3: 260}
2026-04-04 23:42:09,603 - INFO - 门店类型编码 样本量：{1: 311, 2: 424, 3: 482}
2026-04-04 23:42:09,620 - INFO - Levene方差齐性检验（按交互分组）: p=0.0511
2026-04-04 23:42:09,621 - INFO - 方差齐性通过（p>=0.05），使用普通ANOVA
2026-04-04 23:42:09,759 - INFO - 三因素ANOVA主效应结果（含偏η²）：
2026-04-04 23:42:09,760 - INFO -    Source        F  p_unc  partial_eta2
0    区域名称  10.3482    0.0        0.0916
1    规模编码  -0.0000    1.0       -0.0000
2  门店类型编码   0.0000    1.0        0.0000
2026-04-04 23:42:09,785 - INFO - 多元线性回归分析开始
2026-04-04 23:42:09,789 - INFO - diff_log总均值 = 1.0135
2026-04-04 23:42:09,808 - INFO - 交互效应整体检验: F=0.4559, p=nan
2026-04-04 23:42:09,809 - INFO - 交互项整体不显著，仅保留显著主效应
2026-04-04 23:42:09,816 - INFO - 已使用HC3稳健标准误修正异方差影响
2026-04-04 23:42:09,816 - INFO - ===== 模型诊断 =====
2026-04-04 23:42:09,816 - INFO - R² = 0.1579（解释了15.8%的差异），调整R² = 0.1496
2026-04-04 23:42:09,833 - INFO - VIF共线性诊断：
        变量名  VIF值
      const 26.09
region_上海区域  2.87
region_四川区域  2.02
region_安徽区域  3.58
region_广州区域  2.76
region_广西区域  1.31
region_江西区域  1.26
region_河南区域  1.32
region_浙江区域  1.16
region_深圳区域  2.62
region_湖南区域  3.16
region_环粤区域  3.34
     门店类型编码  1.17
2026-04-04 23:42:09,846 - INFO - 残差均值 = 0.0252，残差标准差 = 2.5332
2026-04-04 23:42:09,847 - INFO - 残差正态性检验（Shapiro-Wilk）: p=0.0000，非正态
2026-04-04 23:42:09,847 - INFO - Durbin-Watson统计量: 2.118（理想值≈2，1.5~2.5可接受）
2026-04-04 23:42:09,856 - INFO - Breusch-Pagan方差齐性检验: p=0.0000，方差不齐
2026-04-04 23:42:10,386 - INFO - 区域边际贡献汇总：
实际区域名  系数（相对总均值）     P值  区域均值（总均值+系数）
 上海区域     1.2692 0.0000        2.2827
 四川区域     1.4167 0.0000        2.4302
 安徽区域     1.7142 0.0000        2.7277
 广州区域     1.2591 0.0000        2.2726
 广西区域     2.0900 0.0000        3.1035
 江西区域     1.2918 0.0051        2.3053
 河南区域     2.2112 0.0001        3.2247
 浙江区域     2.8669 0.0000        3.8804
 深圳区域     1.2567 0.0001        2.2702
 湖南区域     1.4943 0.0000        2.5078
 环粤区域     0.9267 0.0004        1.9402
2026-04-04 23:42:10,490 - INFO - 汇总报告已生成：全维度分析汇总报告.xlsx
2026-04-04 23:42:10,490 - INFO - ✅ 全部完成！结果已保存至 output.total 文件夹，日志见 analysis.log
2026-04-05 01:02:54,350 - INFO - ============================================================
2026-04-05 01:02:54,351 - INFO - 门店活动全维度分析启动
2026-04-05 01:02:54,352 - INFO - ============================================================
2026-04-05 01:02:59,116 - INFO - 规模分层完成
2026-04-05 01:03:00,599 - INFO - 类型分层完成
2026-04-05 01:03:00,616 - INFO - 匹配结果：原始活动门店 1234，有效匹配 1217，自动删除 17
2026-04-05 01:03:00,617 - INFO - 小样本正态性检验
2026-04-05 01:03:00,623 - INFO - 河南区域: p=0.0003, 非正态
2026-04-05 01:03:00,624 - INFO - 广西区域: p=0.0626, 正态
2026-04-05 01:03:00,626 - INFO - 江西区域: p=0.1708, 正态
2026-04-05 01:03:00,627 - INFO - 浙江区域: p=0.2065, 正态
2026-04-05 01:03:00,627 - INFO - 开始EDA（探索性数据分析）
2026-04-05 01:03:02,708 - INFO - Levene方差齐性检验: p=0.0000，方差不齐
2026-04-05 01:03:03,776 - INFO - 三因素主效应ANOVA（含方差齐性检验）
2026-04-05 01:03:03,785 - INFO - 区域名称 样本量：{'上海区域': 150, '北京区域': 66, '四川区域': 75, '安徽区域': 223, '广州区域': 136, '广西区域': 21, '江西区域': 18, '河南区域': 22, '浙江区域': 10, '深圳区域': 124, '湖南区域': 178, '环粤区域': 194}
2026-04-05 01:03:03,788 - INFO - 规模编码 样本量：{1: 221, 2: 736, 3: 260}
2026-04-05 01:03:03,789 - INFO - 门店类型编码 样本量：{1: 311, 2: 424, 3: 482}
2026-04-05 01:03:03,826 - INFO - Levene方差齐性检验（按交互分组）: p=0.0511
2026-04-05 01:03:03,827 - INFO - 方差齐性通过（p>=0.05），使用普通ANOVA
2026-04-05 01:03:04,061 - INFO - 三因素ANOVA主效应结果（含偏η²）：
2026-04-05 01:03:04,063 - INFO -    Source        F  p_unc  partial_eta2
0    区域名称  10.3482    0.0        0.0916
1    规模编码  -0.0000    1.0       -0.0000
2  门店类型编码   0.0000    1.0        0.0000
2026-04-05 01:03:04,112 - INFO - 多元线性回归分析开始
2026-04-05 01:03:04,116 - INFO - diff_log总均值 = 1.0135
2026-04-05 01:03:04,164 - INFO - 交互效应整体检验: F=0.4559, p=nan
2026-04-05 01:03:04,164 - INFO - 交互项整体不显著，仅保留显著主效应
2026-04-05 01:03:04,175 - INFO - 已使用HC3稳健标准误修正异方差影响
2026-04-05 01:03:04,175 - INFO - ===== 模型诊断 =====
2026-04-05 01:03:04,176 - INFO - R² = 0.1579（解释了15.8%的差异），调整R² = 0.1496
2026-04-05 01:03:04,177 - INFO - 回归方程F检验: F = 18.8353, p = 0.0000
2026-04-05 01:03:04,209 - INFO - VIF共线性诊断：
        变量名  VIF值
      const 26.09
region_上海区域  2.87
region_四川区域  2.02
region_安徽区域  3.58
region_广州区域  2.76
region_广西区域  1.31
region_江西区域  1.26
region_河南区域  1.32
region_浙江区域  1.16
region_深圳区域  2.62
region_湖南区域  3.16
region_环粤区域  3.34
     门店类型编码  1.17
2026-04-05 01:03:04,232 - INFO - 残差均值 = 0.0252，残差标准差 = 2.5332
2026-04-05 01:03:04,233 - INFO - 残差正态性检验（Shapiro-Wilk）: p=0.0000，非正态
2026-04-05 01:03:04,234 - INFO - Durbin-Watson统计量: 2.118（理想值≈2，1.5~2.5可接受）
2026-04-05 01:03:04,248 - INFO - Breusch-Pagan方差齐性检验: p=0.0000，方差不齐
2026-04-05 01:03:05,422 - INFO - 区域边际贡献汇总：
实际区域名  系数（相对总均值）     P值  区域均值（总均值+系数）
 上海区域     1.2692 0.0000        2.2827
 四川区域     1.4167 0.0000        2.4302
 安徽区域     1.7142 0.0000        2.7277
 广州区域     1.2591 0.0000        2.2726
 广西区域     2.0900 0.0000        3.1035
 江西区域     1.2918 0.0051        2.3053
 河南区域     2.2112 0.0001        3.2247
 浙江区域     2.8669 0.0000        3.8804
 深圳区域     1.2567 0.0001        2.2702
 湖南区域     1.4943 0.0000        2.5078
 环粤区域     0.9267 0.0004        1.9402
2026-04-05 01:03:05,632 - INFO - 汇总报告已生成：全维度分析汇总报告.xlsx
2026-04-05 01:03:05,633 - INFO - ✅ 全部完成！结果已保存至 output.total 文件夹，日志见 analysis.log
